SparkJNIPi, local[1], 1, 1024, 0.957
SparkJNIPi, local[1], 1, 1024, 0.918
SparkJNIPi, local[1], 1, 1024, 0.898
SparkJNIPi, local[1], 1, 1024, 0.859
SparkJNIPi, local[1], 1, 8192, 0.87
SparkJNIPi, local[1], 1, 8192, 0.915
SparkJNIPi, local[1], 1, 8192, 0.881
SparkJNIPi, local[1], 1, 8192, 0.916
SparkJNIPi, local[1], 1, 65536, 0.964
SparkJNIPi, local[1], 1, 65536, 0.932
SparkJNIPi, local[1], 1, 65536, 0.887
SparkJNIPi, local[1], 1, 65536, 0.925
SparkJNIPi, local[1], 1, 524288, 1.102
SparkJNIPi, local[1], 1, 524288, 1.121
SparkJNIPi, local[1], 1, 524288, 1.34
SparkJNIPi, local[1], 1, 524288, 1.432
SparkJNIPi, local[1], 1, 4194304, 1.611
SparkJNIPi, local[1], 1, 4194304, 1.531
SparkJNIPi, local[1], 1, 4194304, 1.456
SparkJNIPi, local[1], 1, 4194304, 1.582
SparkJNIPi, local[1], 1, 33554432, 3.972
SparkJNIPi, local[1], 1, 33554432, 3.951
SparkJNIPi, local[1], 1, 33554432, 4.094
SparkJNIPi, local[1], 1, 33554432, 3.95
SparkJNIPi, local[1], 2, 1024, 1.074
SparkJNIPi, local[1], 2, 1024, 1.094
SparkJNIPi, local[1], 2, 1024, 1.05
SparkJNIPi, local[1], 2, 1024, 1.042
SparkJNIPi, local[1], 2, 8192, 1.047
SparkJNIPi, local[1], 2, 8192, 0.996
SparkJNIPi, local[1], 2, 8192, 1.038
SparkJNIPi, local[1], 2, 8192, 0.997
SparkJNIPi, local[1], 2, 65536, 1.052
SparkJNIPi, local[1], 2, 65536, 0.949
SparkJNIPi, local[1], 2, 65536, 0.943
SparkJNIPi, local[1], 2, 65536, 1.005
SparkJNIPi, local[1], 2, 524288, 1.183
SparkJNIPi, local[1], 2, 524288, 1.176
SparkJNIPi, local[1], 2, 524288, 1.241
SparkJNIPi, local[1], 2, 524288, 1.204
SparkJNIPi, local[1], 2, 4194304, 1.692
SparkJNIPi, local[1], 2, 4194304, 1.719
SparkJNIPi, local[1], 2, 4194304, 1.885
SparkJNIPi, local[1], 2, 4194304, 1.741
SparkJNIPi, local[1], 2, 33554432, 6.023
SparkJNIPi, local[1], 2, 33554432, 5.866
SparkJNIPi, local[1], 2, 33554432, 6.022
SparkJNIPi, local[1], 2, 33554432, 5.932
SparkJNIPi, local[1], 4, 1024, 1.093
SparkJNIPi, local[1], 4, 1024, 1.104
SparkJNIPi, local[1], 4, 1024, 1.068
SparkJNIPi, local[1], 4, 1024, 1.026
SparkJNIPi, local[1], 4, 8192, 1.025
SparkJNIPi, local[1], 4, 8192, 1.094
SparkJNIPi, local[1], 4, 8192, 1.094
SparkJNIPi, local[1], 4, 8192, 1.065
SparkJNIPi, local[1], 4, 65536, 1.105
SparkJNIPi, local[1], 4, 65536, 1.112
SparkJNIPi, local[1], 4, 65536, 1.083
SparkJNIPi, local[1], 4, 65536, 1.093
SparkJNIPi, local[1], 4, 524288, 1.343
SparkJNIPi, local[1], 4, 524288, 1.353
SparkJNIPi, local[1], 4, 524288, 1.3
SparkJNIPi, local[1], 4, 524288, 1.442
SparkJNIPi, local[1], 4, 4194304, 2.493
SparkJNIPi, local[1], 4, 4194304, 2.314
SparkJNIPi, local[1], 4, 4194304, 2.424
SparkJNIPi, local[1], 4, 4194304, 2.438
SparkJNIPi, local[1], 4, 33554432, 10.347
SparkJNIPi, local[1], 4, 33554432, 10.31
SparkJNIPi, local[1], 4, 33554432, 10.164
SparkJNIPi, local[1], 4, 33554432, 10.124
